<?xml version="1.0" encoding="UTF-8"?>
<!-- Generated by org.testng.reporters.JUnitXMLReporter -->
<testsuite ignored="3" hostname="Nayana" failures="0" tests="1" name="Default test" time="4.12" errors="0" timestamp="2025-03-17T21:22:38 IST">
  <testcase classname="com.obsqura.testscript.LoginpageTest" name="invalidUsernameAndPassword" time="0.28"/>
  <testcase classname="com.obsqura.testscript.LoginpageTest" name="invalidUsernameAndValidPassword" time="0.0">
    <ignored/>
  </testcase> <!-- invalidUsernameAndValidPassword -->
  <testcase classname="com.obsqura.testscript.LoginpageTest" name="validUsernameAndInvalidPassword" time="0.0">
    <ignored/>
  </testcase> <!-- validUsernameAndInvalidPassword -->
  <testcase classname="com.obsqura.testscript.LoginpageTest" name="ValidUsernameAndPassword" time="0.0">
    <ignored/>
  </testcase> <!-- ValidUsernameAndPassword -->
</testsuite> <!-- Default test -->
