<?xml version="1.0" encoding="UTF-8"?>
<testng-results ignored="3" total="4" passed="1" failed="0" skipped="0">
  <reporter-output>
  </reporter-output>
  <suite started-at="2025-03-17T21:22:33 IST" name="Default suite" finished-at="2025-03-17T21:22:38 IST" duration-ms="4120">
    <groups>
    </groups>
    <test started-at="2025-03-17T21:22:33 IST" name="Default test" finished-at="2025-03-17T21:22:38 IST" duration-ms="4120">
      <class name="com.obsqura.testscript.LoginpageTest">
        <test-method is-config="true" signature="beforeMethod()[pri:0, instance:com.obsqura.testscript.LoginpageTest@2b662a77]" started-at="2025-03-17T21:22:34 IST" name="beforeMethod" finished-at="2025-03-17T21:22:37 IST" duration-ms="3806" status="PASS">
          <reporter-output>
          </reporter-output>
        </test-method> <!-- beforeMethod -->
        <test-method signature="invalidUsernameAndPassword()[pri:0, instance:com.obsqura.testscript.LoginpageTest@2b662a77]" started-at="2025-03-17T21:22:37 IST" name="invalidUsernameAndPassword" finished-at="2025-03-17T21:22:38 IST" duration-ms="280" status="PASS">
          <reporter-output>
          </reporter-output>
        </test-method> <!-- invalidUsernameAndPassword -->
      </class> <!-- com.obsqura.testscript.LoginpageTest -->
    </test> <!-- Default test -->
  </suite> <!-- Default suite -->
</testng-results>
